{"name": "Login with valid credentials -- @1.3 ", "status": "broken", "statusDetails": {"message": "selenium.common.exceptions.NoSuchElementException: Message: no such element: Unable to locate element: {\"method\":\"link text\",\"selector\":\"Edit your account information\"}\n  (Session info: chrome=128.0.6613.114); For documentation on this error, please visit: https://www.selenium.dev/documentation/webdriver/troubleshooting/errors#no-such-element-exception\nStacktrace:\n\tGetHandleVerifier [0x00007FF7D62E9632+30946]\n\t(No symbol) [0x00007FF7D629E3C9]\n\t(No symbol) [0x00007FF7D6196FDA]\n\t(No symbol) [0x00007FF7D61E822C]\n\t(No symbol) [0x00007FF7D61E850C]\n\t(No symbol) [0x00007FF7D622DCB7]\n\t(No symbol) [0x00007FF7D620CAAF]\n\t(No symbol) [0x00007FF7D622B041]\n\t(No symbol) [0x00007FF7D620C813]\n\t(No symbol) [0x00007FF7D61DA6E5]\n\t(No symbol) [0x00007FF7D61DB021]\n\tGetHandleVerifier [0x00007FF7D641F83D+1301229]\n\tGetHandleVerifier [0x00007FF7D642BDB7+1351783]\n\tGetHandleVerifier [0x00007FF7D6422A03+1313971]\n\tGetHandleVerifier [0x00007FF7D631DD06+245686]\n\t(No symbol) [0x00007FF7D62A758F]\n\t(No symbol) [0x00007FF7D62A3804]\n\t(No symbol) [0x00007FF7D62A3992]\n\t(No symbol) [0x00007FF7D629A3EF]\n\tBaseThreadInitThunk [0x00007FFDD3BA7374+20]\n\tRtlUserThreadStart [0x00007FFDD569CC91+33]\n\n", "trace": "  File \"C:\\Users\\User\\PycharmProjects\\pythonProject12\\venv\\Lib\\site-packages\\behave\\model.py\", line 1329, in run\n    match.run(runner.context)\n  File \"C:\\Users\\User\\PycharmProjects\\pythonProject12\\venv\\Lib\\site-packages\\behave\\matchers.py\", line 98, in run\n    self.func(context, *args, **kwargs)\n  File \"features\\steps\\login.py\", line 30, in step_impl\n    assert context.account_page.check_account_enter()\n           ^^^^^^^^^^^^^^^^^^^^^^^^^^^^^^^^^^^^^^^^^^\n  File \"C:\\Users\\User\\PycharmProjects\\pythonProject12\\features\\pages\\accountpage.py\", line 12, in check_account_enter\n    return self.driver.find_element(By.LINK_TEXT, self.confirm_text).is_displayed()\n           ^^^^^^^^^^^^^^^^^^^^^^^^^^^^^^^^^^^^^^^^^^^^^^^^^^^^^^^^^\n  File \"C:\\Users\\User\\PycharmProjects\\pythonProject12\\venv\\Lib\\site-packages\\selenium\\webdriver\\remote\\webdriver.py\", line 748, in find_element\n    return self.execute(Command.FIND_ELEMENT, {\"using\": by, \"value\": value})[\"value\"]\n           ^^^^^^^^^^^^^^^^^^^^^^^^^^^^^^^^^^^^^^^^^^^^^^^^^^^^^^^^^^^^^^^^^\n  File \"C:\\Users\\User\\PycharmProjects\\pythonProject12\\venv\\Lib\\site-packages\\selenium\\webdriver\\remote\\webdriver.py\", line 354, in execute\n    self.error_handler.check_response(response)\n  File \"C:\\Users\\User\\PycharmProjects\\pythonProject12\\venv\\Lib\\site-packages\\selenium\\webdriver\\remote\\errorhandler.py\", line 229, in check_response\n    raise exception_class(message, screen, stacktrace)\n"}, "steps": [{"name": "Given Login page", "status": "passed", "start": 1725723932713, "stop": 1725723933247}, {"name": "When I enter valid email as 2136823@gmail.com and valid password as 123456789 into fields", "status": "passed", "start": 1725723933247, "stop": 1725723933509}, {"name": "And I click on Login button", "status": "passed", "start": 1725723933509, "stop": 1725723934069}, {"name": "Then I get logged", "status": "broken", "statusDetails": {"message": "selenium.common.exceptions.NoSuchElementException: Message: no such element: Unable to locate element: {\"method\":\"link text\",\"selector\":\"Edit your account information\"}\n  (Session info: chrome=128.0.6613.114); For documentation on this error, please visit: https://www.selenium.dev/documentation/webdriver/troubleshooting/errors#no-such-element-exception\nStacktrace:\n\tGetHandleVerifier [0x00007FF7D62E9632+30946]\n\t(No symbol) [0x00007FF7D629E3C9]\n\t(No symbol) [0x00007FF7D6196FDA]\n\t(No symbol) [0x00007FF7D61E822C]\n\t(No symbol) [0x00007FF7D61E850C]\n\t(No symbol) [0x00007FF7D622DCB7]\n\t(No symbol) [0x00007FF7D620CAAF]\n\t(No symbol) [0x00007FF7D622B041]\n\t(No symbol) [0x00007FF7D620C813]\n\t(No symbol) [0x00007FF7D61DA6E5]\n\t(No symbol) [0x00007FF7D61DB021]\n\tGetHandleVerifier [0x00007FF7D641F83D+1301229]\n\tGetHandleVerifier [0x00007FF7D642BDB7+1351783]\n\tGetHandleVerifier [0x00007FF7D6422A03+1313971]\n\tGetHandleVerifier [0x00007FF7D631DD06+245686]\n\t(No symbol) [0x00007FF7D62A758F]\n\t(No symbol) [0x00007FF7D62A3804]\n\t(No symbol) [0x00007FF7D62A3992]\n\t(No symbol) [0x00007FF7D629A3EF]\n\tBaseThreadInitThunk [0x00007FFDD3BA7374+20]\n\tRtlUserThreadStart [0x00007FFDD569CC91+33]\n\n", "trace": "  File \"C:\\Users\\User\\PycharmProjects\\pythonProject12\\venv\\Lib\\site-packages\\behave\\model.py\", line 1329, in run\n    match.run(runner.context)\n  File \"C:\\Users\\User\\PycharmProjects\\pythonProject12\\venv\\Lib\\site-packages\\behave\\matchers.py\", line 98, in run\n    self.func(context, *args, **kwargs)\n  File \"features\\steps\\login.py\", line 30, in step_impl\n    assert context.account_page.check_account_enter()\n           ^^^^^^^^^^^^^^^^^^^^^^^^^^^^^^^^^^^^^^^^^^\n  File \"C:\\Users\\User\\PycharmProjects\\pythonProject12\\features\\pages\\accountpage.py\", line 12, in check_account_enter\n    return self.driver.find_element(By.LINK_TEXT, self.confirm_text).is_displayed()\n           ^^^^^^^^^^^^^^^^^^^^^^^^^^^^^^^^^^^^^^^^^^^^^^^^^^^^^^^^^\n  File \"C:\\Users\\User\\PycharmProjects\\pythonProject12\\venv\\Lib\\site-packages\\selenium\\webdriver\\remote\\webdriver.py\", line 748, in find_element\n    return self.execute(Command.FIND_ELEMENT, {\"using\": by, \"value\": value})[\"value\"]\n           ^^^^^^^^^^^^^^^^^^^^^^^^^^^^^^^^^^^^^^^^^^^^^^^^^^^^^^^^^^^^^^^^^\n  File \"C:\\Users\\User\\PycharmProjects\\pythonProject12\\venv\\Lib\\site-packages\\selenium\\webdriver\\remote\\webdriver.py\", line 354, in execute\n    self.error_handler.check_response(response)\n  File \"C:\\Users\\User\\PycharmProjects\\pythonProject12\\venv\\Lib\\site-packages\\selenium\\webdriver\\remote\\errorhandler.py\", line 229, in check_response\n    raise exception_class(message, screen, stacktrace)\n"}, "attachments": [{"name": "screenshot", "source": "4632465b-fb7a-44b6-8d1f-abcd2817593a-attachment.png", "type": "image/png"}], "start": 1725723934069, "stop": 1725723934260}], "parameters": [{"name": "email", "value": "2136823@gmail.com"}, {}, {"name": "password", "value": "123456789"}], "start": 1725723928134, "stop": 1725723936419, "uuid": "ed113cc6-2530-4133-8bf4-f64a17b49772", "historyId": "95b04651546eaf5e304293921e76549f", "fullName": "Login Functionality: Login with valid credentials", "labels": [{"name": "severity", "value": "normal"}, {"name": "tag", "value": "login"}, {"name": "feature", "value": "Login Functionality"}, {"name": "framework", "value": "behave"}, {"name": "language", "value": "cpython3"}]}